2023-05-16 17:05:410 INFO  HomePage :80 - Mouse hover on “Laptops & Notebooks” Tab and click [[ChromeDriver: chrome on WINDOWS (22d97bf9541044a72ef49be05f3d6ad7)] -> link text: Laptops & Notebooks]
2023-05-16 17:05:402 INFO  HomePage :99 - Click on Show All LaptopAndNotebook Tab [[ChromeDriver: chrome on WINDOWS (22d97bf9541044a72ef49be05f3d6ad7)] -> xpath: //a[normalize-space()='Show AllLaptops & Notebooks']]
2023-05-16 17:05:456 INFO  HomePage :105 - Clicking on Currency on top of page [[ChromeDriver: chrome on WINDOWS (22d97bf9541044a72ef49be05f3d6ad7)] -> xpath: //span[normalize-space()='Currency']]
2023-05-16 17:05:794 INFO  HomePage :113 - Select £Pound Sterling from currency drop down list [[[ChromeDriver: chrome on WINDOWS (22d97bf9541044a72ef49be05f3d6ad7)] -> xpath: //ul[@class = 'dropdown-menu']/li], [[ChromeDriver: chrome on WINDOWS (22d97bf9541044a72ef49be05f3d6ad7)] -> xpath: //ul[@class = 'dropdown-menu']/li], [[ChromeDriver: chrome on WINDOWS (22d97bf9541044a72ef49be05f3d6ad7)] -> xpath: //ul[@class = 'dropdown-menu']/li]]
2023-05-16 17:05:306 INFO  DesktopPage :74 - Select option product sorted by Price (High > Low)from sort by options [[ChromeDriver: chrome on WINDOWS (22d97bf9541044a72ef49be05f3d6ad7)] -> id: input-sort]
2023-05-16 17:05:236 INFO  LaptopAndNotebookPage :80 - Select Macbook[[ChromeDriver: chrome on WINDOWS (22d97bf9541044a72ef49be05f3d6ad7)] -> link text: MacBook]
2023-05-16 17:05:256 INFO  ProductPage :101 - Verify text MacBook [[ChromeDriver: chrome on WINDOWS (22d97bf9541044a72ef49be05f3d6ad7)] -> xpath: //h1[contains(text(),'MacBook')]]
2023-05-16 17:05:483 INFO  ProductPage :87 - Clicking on Login Button [[ChromeDriver: chrome on WINDOWS (22d97bf9541044a72ef49be05f3d6ad7)] -> xpath: //button[@id='button-cart']]
2023-05-16 17:05:883 INFO  ProductPage :91 - Verify the Message “Success: You have added HP LP3065 to your shopping cart!” [[ChromeDriver: chrome on WINDOWS (22d97bf9541044a72ef49be05f3d6ad7)] -> xpath: //div[@class='alert alert-success alert-dismissible']]
2023-05-16 17:05:433 INFO  ProductPage :97 - Click on link “shopping cart” display into success message [[ChromeDriver: chrome on WINDOWS (22d97bf9541044a72ef49be05f3d6ad7)] -> xpath: //a[contains(text(),'shopping cart')]]
2023-05-16 17:05:453 INFO  ShoppingCartPage :47 -  Verify the text Shopping Cart [[ChromeDriver: chrome on WINDOWS (22d97bf9541044a72ef49be05f3d6ad7)] -> xpath: //div[@id='content']//h1]
2023-05-16 17:05:488 INFO  ShoppingCartPage :52 - Verify the Product name HP LP3065 [[ChromeDriver: chrome on WINDOWS (22d97bf9541044a72ef49be05f3d6ad7)] -> xpath: //div[@class = 'table-responsive']/table/tbody/tr/td[2]/a]
2023-05-16 17:05:609 INFO  ShoppingCartPage :74 - Change Quantity 2 to quantity field [[ChromeDriver: chrome on WINDOWS (22d97bf9541044a72ef49be05f3d6ad7)] -> xpath: //div[@class='input-group btn-block']/input[@type='text']]
2023-05-16 17:05:976 INFO  ShoppingCartPage :79 -  Click on “Update” Tab [[ChromeDriver: chrome on WINDOWS (22d97bf9541044a72ef49be05f3d6ad7)] -> xpath: //i[@class = 'fa fa-refresh']]
2023-05-16 17:05:997 INFO  ShoppingCartPage :83 - Getting welcome back text [[ChromeDriver: chrome on WINDOWS (22d97bf9541044a72ef49be05f3d6ad7)] -> xpath: //div[@id='checkout-cart']/div[1]]
2023-05-16 17:05:26 INFO  ShoppingCartPage :67 - Verify the Total £74.73 [[ChromeDriver: chrome on WINDOWS (22d97bf9541044a72ef49be05f3d6ad7)] -> xpath: //div[@class = 'table-responsive']/table/tbody/tr/td[6]]
2023-05-16 17:05:481 INFO  ShoppingCartPage :89 - Click on “Checkout” button [[ChromeDriver: chrome on WINDOWS (22d97bf9541044a72ef49be05f3d6ad7)] -> css selector: a.btn.btn-primary]
2023-05-16 17:05:506 INFO  CheckoutPage :76 - Verify the text “Checkout” [[ChromeDriver: chrome on WINDOWS (22d97bf9541044a72ef49be05f3d6ad7)] -> xpath: //div[@id='content']/h1]
2023-05-16 17:05:44 INFO  CheckoutPage :82 - Verify the Text “New Customer” [[ChromeDriver: chrome on WINDOWS (22d97bf9541044a72ef49be05f3d6ad7)] -> xpath: //h2[contains(text(),'New Customer')]]
2023-05-16 17:05:647 INFO  CheckoutPage :89 - Click on “Guest Checkout” radio button [[ChromeDriver: chrome on WINDOWS (22d97bf9541044a72ef49be05f3d6ad7)] -> xpath: //input[@value='guest']]
2023-05-16 17:05:702 INFO  CheckoutPage :95 - Click on “Continue” tab [[ChromeDriver: chrome on WINDOWS (22d97bf9541044a72ef49be05f3d6ad7)] -> xpath: //input[@id='button-account']]
2023-05-16 17:05:527 INFO  CheckoutPage :101 - Enter firstname Jack to firstname field [[ChromeDriver: chrome on WINDOWS (22d97bf9541044a72ef49be05f3d6ad7)] -> id: input-payment-firstname]
2023-05-16 17:05:613 INFO  CheckoutPage :107 - Enter lastname Smith to lastname field [[ChromeDriver: chrome on WINDOWS (22d97bf9541044a72ef49be05f3d6ad7)] -> id: input-payment-lastname]
2023-05-16 17:05:721 INFO  CheckoutPage :113 - Enter email jack to email field [[ChromeDriver: chrome on WINDOWS (22d97bf9541044a72ef49be05f3d6ad7)] -> id: input-payment-email]
2023-05-16 17:05:825 INFO  CheckoutPage :119 - Enter phoneNumber 01234567890 to phoneNumber field [[ChromeDriver: chrome on WINDOWS (22d97bf9541044a72ef49be05f3d6ad7)] -> id: input-payment-telephone]
2023-05-16 17:05:896 INFO  CheckoutPage :125 - Enter address Line 1 63 Harrow road to address field [[ChromeDriver: chrome on WINDOWS (22d97bf9541044a72ef49be05f3d6ad7)] -> id: input-payment-address-1]
2023-05-16 17:05:953 INFO  CheckoutPage :131 - Enter city London to city field [[ChromeDriver: chrome on WINDOWS (22d97bf9541044a72ef49be05f3d6ad7)] -> id: input-payment-city]
2023-05-16 17:05:27 INFO  CheckoutPage :137 - Enter postcode HA1 1AD to postcode field [[ChromeDriver: chrome on WINDOWS (22d97bf9541044a72ef49be05f3d6ad7)] -> id: input-payment-postcode]
2023-05-16 17:05:108 INFO  CheckoutPage :143 - Select country United Kingdom to country field [[ChromeDriver: chrome on WINDOWS (22d97bf9541044a72ef49be05f3d6ad7)] -> id: input-payment-country]
2023-05-16 17:05:195 INFO  CheckoutPage :150 - Select state Bristol to state field [[ChromeDriver: chrome on WINDOWS (22d97bf9541044a72ef49be05f3d6ad7)] -> id: input-payment-zone]
2023-05-16 17:05:251 INFO  CheckoutPage :156 -  Click on continue button [[ChromeDriver: chrome on WINDOWS (22d97bf9541044a72ef49be05f3d6ad7)] -> id: button-guest]
2023-05-16 17:05:17 INFO  CheckoutPage :162 - Enter comments Nothing to Say! in to text area [[ChromeDriver: chrome on WINDOWS (22d97bf9541044a72ef49be05f3d6ad7)] -> xpath: //textarea[@name='comment']]
2023-05-16 17:05:145 INFO  CheckoutPage :168 -  Check the Terms & Conditions check box [[ChromeDriver: chrome on WINDOWS (22d97bf9541044a72ef49be05f3d6ad7)] -> xpath: //body/div[@id='checkout-checkout']/div[1]/div[1]/div[1]/div[3]/div[2]/div[1]/div[2]/div[1]/input[1]]
2023-05-16 17:05:249 INFO  CheckoutPage :174 - Click on “Continue” button [[ChromeDriver: chrome on WINDOWS (22d97bf9541044a72ef49be05f3d6ad7)] -> id: button-payment-method]
2023-05-16 17:05:295 INFO  CheckoutPage :179 - Verify the message “Warning: Payment method required!” [[ChromeDriver: chrome on WINDOWS (22d97bf9541044a72ef49be05f3d6ad7)] -> xpath: //div[@class='alert alert-danger alert-dismissible']]
2023-05-16 17:05:288 INFO  HomePage :74 - Mouse hover on “Desktops” Tab and click [[ChromeDriver: chrome on WINDOWS (84bcd364a4df2cb869d95b077a8c25ea)] -> link text: Desktops]
2023-05-16 17:05:800 INFO  HomePage :93 - Click on Show All Desktop tab [[ChromeDriver: chrome on WINDOWS (84bcd364a4df2cb869d95b077a8c25ea)] -> xpath: //a[normalize-space()='Show AllDesktops']]
2023-05-16 17:05:867 INFO  HomePage :105 - Clicking on Currency on top of page [[ChromeDriver: chrome on WINDOWS (84bcd364a4df2cb869d95b077a8c25ea)] -> xpath: //span[normalize-space()='Currency']]
2023-05-16 17:05:649 INFO  HomePage :113 - Select £Pound Sterling from currency drop down list [[[ChromeDriver: chrome on WINDOWS (84bcd364a4df2cb869d95b077a8c25ea)] -> xpath: //ul[@class = 'dropdown-menu']/li], [[ChromeDriver: chrome on WINDOWS (84bcd364a4df2cb869d95b077a8c25ea)] -> xpath: //ul[@class = 'dropdown-menu']/li], [[ChromeDriver: chrome on WINDOWS (84bcd364a4df2cb869d95b077a8c25ea)] -> xpath: //ul[@class = 'dropdown-menu']/li]]
2023-05-16 17:05:612 INFO  DesktopPage :74 - Select option product sorted by Name (A - Z)from sort by options [[ChromeDriver: chrome on WINDOWS (84bcd364a4df2cb869d95b077a8c25ea)] -> id: input-sort]
2023-05-16 17:05:962 INFO  DesktopPage :79 - Clicking on HP LP3065 [[ChromeDriver: chrome on WINDOWS (84bcd364a4df2cb869d95b077a8c25ea)] -> xpath: //a[contains(text(),'HP LP3065')]]
2023-05-16 17:05:988 INFO  ProductPage :52 - Verify the Text "HP LP3065" [[ChromeDriver: chrome on WINDOWS (84bcd364a4df2cb869d95b077a8c25ea)] -> xpath: //a[contains(text(),'HP LP3065')]]
2023-05-16 17:05:68 INFO  ProductPage :58 - Select 2022November30 to date field [[ChromeDriver: chrome on WINDOWS (84bcd364a4df2cb869d95b077a8c25ea)] -> xpath: //div[@class = 'input-group date']//button]
2023-05-16 17:05:313 INFO  ProductPage :82 - Enter Qty 1 to quantity field [[ChromeDriver: chrome on WINDOWS (84bcd364a4df2cb869d95b077a8c25ea)] -> xpath: //input[@id='input-quantity']]
2023-05-16 17:05:512 INFO  ProductPage :87 - Clicking on Login Button [[ChromeDriver: chrome on WINDOWS (84bcd364a4df2cb869d95b077a8c25ea)] -> xpath: //button[@id='button-cart']]
2023-05-16 17:05:547 INFO  ProductPage :91 - Verify the Message “Success: You have added HP LP3065 to your shopping cart!” [[ChromeDriver: chrome on WINDOWS (84bcd364a4df2cb869d95b077a8c25ea)] -> xpath: //div[@class='alert alert-success alert-dismissible']]
2023-05-16 17:05:109 INFO  ProductPage :97 - Click on link “shopping cart” display into success message [[ChromeDriver: chrome on WINDOWS (84bcd364a4df2cb869d95b077a8c25ea)] -> xpath: //a[contains(text(),'shopping cart')]]
2023-05-16 17:05:135 INFO  ShoppingCartPage :47 -  Verify the text Shopping Cart [[ChromeDriver: chrome on WINDOWS (84bcd364a4df2cb869d95b077a8c25ea)] -> xpath: //div[@id='content']//h1]
2023-05-16 17:05:179 INFO  ShoppingCartPage :52 - Verify the Product name HP LP3065 [[ChromeDriver: chrome on WINDOWS (84bcd364a4df2cb869d95b077a8c25ea)] -> xpath: //div[@class = 'table-responsive']/table/tbody/tr/td[2]/a]
2023-05-16 17:05:206 INFO  ShoppingCartPage :57 - Verify the Delivery Date 2022-11-30 [[ChromeDriver: chrome on WINDOWS (84bcd364a4df2cb869d95b077a8c25ea)] -> xpath: //div[@class = 'table-responsive']/table/tbody/tr/td[2]/small[1]]
2023-05-16 17:05:233 INFO  ShoppingCartPage :62 - Verify the Model Product21 [[ChromeDriver: chrome on WINDOWS (84bcd364a4df2cb869d95b077a8c25ea)] -> xpath: //div[@class = 'table-responsive']/table/tbody/tr/td[3]]
2023-05-16 17:05:261 INFO  ShoppingCartPage :67 - Verify the Total £74.73 [[ChromeDriver: chrome on WINDOWS (84bcd364a4df2cb869d95b077a8c25ea)] -> xpath: //div[@class = 'table-responsive']/table/tbody/tr/td[6]]
2023-05-16 17:05:451 INFO  HomePage :80 - Mouse hover on “Laptops & Notebooks” Tab and click [[ChromeDriver: chrome on WINDOWS (bcc1355a5030d0e7b8addbb3963699d6)] -> link text: Laptops & Notebooks]
2023-05-16 17:05:965 INFO  HomePage :99 - Click on Show All LaptopAndNotebook Tab [[ChromeDriver: chrome on WINDOWS (bcc1355a5030d0e7b8addbb3963699d6)] -> xpath: //a[normalize-space()='Show AllLaptops & Notebooks']]
2023-05-16 17:05:23 INFO  HomePage :105 - Clicking on Currency on top of page [[ChromeDriver: chrome on WINDOWS (bcc1355a5030d0e7b8addbb3963699d6)] -> xpath: //span[normalize-space()='Currency']]
2023-05-16 17:05:828 INFO  HomePage :113 - Select £Pound Sterling from currency drop down list [[[ChromeDriver: chrome on WINDOWS (bcc1355a5030d0e7b8addbb3963699d6)] -> xpath: //ul[@class = 'dropdown-menu']/li], [[ChromeDriver: chrome on WINDOWS (bcc1355a5030d0e7b8addbb3963699d6)] -> xpath: //ul[@class = 'dropdown-menu']/li], [[ChromeDriver: chrome on WINDOWS (bcc1355a5030d0e7b8addbb3963699d6)] -> xpath: //ul[@class = 'dropdown-menu']/li]]
2023-05-16 17:05:317 INFO  DesktopPage :74 - Select option product sorted by Price (High > Low)from sort by options [[ChromeDriver: chrome on WINDOWS (bcc1355a5030d0e7b8addbb3963699d6)] -> id: input-sort]
2023-05-16 17:05:186 INFO  LaptopAndNotebookPage :80 - Select Macbook[[ChromeDriver: chrome on WINDOWS (bcc1355a5030d0e7b8addbb3963699d6)] -> link text: MacBook]
2023-05-16 17:05:213 INFO  ProductPage :101 - Verify text MacBook [[ChromeDriver: chrome on WINDOWS (bcc1355a5030d0e7b8addbb3963699d6)] -> xpath: //h1[contains(text(),'MacBook')]]
2023-05-16 17:05:438 INFO  ProductPage :87 - Clicking on Login Button [[ChromeDriver: chrome on WINDOWS (bcc1355a5030d0e7b8addbb3963699d6)] -> xpath: //button[@id='button-cart']]
2023-05-16 17:05:717 INFO  ProductPage :91 - Verify the Message “Success: You have added HP LP3065 to your shopping cart!” [[ChromeDriver: chrome on WINDOWS (bcc1355a5030d0e7b8addbb3963699d6)] -> xpath: //div[@class='alert alert-success alert-dismissible']]
2023-05-16 17:05:287 INFO  ProductPage :97 - Click on link “shopping cart” display into success message [[ChromeDriver: chrome on WINDOWS (bcc1355a5030d0e7b8addbb3963699d6)] -> xpath: //a[contains(text(),'shopping cart')]]
2023-05-16 17:05:315 INFO  ShoppingCartPage :47 -  Verify the text Shopping Cart [[ChromeDriver: chrome on WINDOWS (bcc1355a5030d0e7b8addbb3963699d6)] -> xpath: //div[@id='content']//h1]
2023-05-16 17:05:355 INFO  ShoppingCartPage :52 - Verify the Product name HP LP3065 [[ChromeDriver: chrome on WINDOWS (bcc1355a5030d0e7b8addbb3963699d6)] -> xpath: //div[@class = 'table-responsive']/table/tbody/tr/td[2]/a]
2023-05-16 17:05:470 INFO  ShoppingCartPage :74 - Change Quantity 2 to quantity field [[ChromeDriver: chrome on WINDOWS (bcc1355a5030d0e7b8addbb3963699d6)] -> xpath: //div[@class='input-group btn-block']/input[@type='text']]
2023-05-16 17:05:197 INFO  ShoppingCartPage :79 -  Click on “Update” Tab [[ChromeDriver: chrome on WINDOWS (bcc1355a5030d0e7b8addbb3963699d6)] -> xpath: //i[@class = 'fa fa-refresh']]
2023-05-16 17:05:212 INFO  ShoppingCartPage :83 - Getting welcome back text [[ChromeDriver: chrome on WINDOWS (bcc1355a5030d0e7b8addbb3963699d6)] -> xpath: //div[@id='checkout-cart']/div[1]]
2023-05-16 17:05:244 INFO  ShoppingCartPage :67 - Verify the Total £74.73 [[ChromeDriver: chrome on WINDOWS (bcc1355a5030d0e7b8addbb3963699d6)] -> xpath: //div[@class = 'table-responsive']/table/tbody/tr/td[6]]
2023-05-16 17:05:701 INFO  ShoppingCartPage :89 - Click on “Checkout” button [[ChromeDriver: chrome on WINDOWS (bcc1355a5030d0e7b8addbb3963699d6)] -> css selector: a.btn.btn-primary]
2023-05-16 17:05:723 INFO  CheckoutPage :76 - Verify the text “Checkout” [[ChromeDriver: chrome on WINDOWS (bcc1355a5030d0e7b8addbb3963699d6)] -> xpath: //div[@id='content']/h1]
2023-05-16 17:05:264 INFO  CheckoutPage :82 - Verify the Text “New Customer” [[ChromeDriver: chrome on WINDOWS (bcc1355a5030d0e7b8addbb3963699d6)] -> xpath: //h2[contains(text(),'New Customer')]]
2023-05-16 17:05:873 INFO  CheckoutPage :89 - Click on “Guest Checkout” radio button [[ChromeDriver: chrome on WINDOWS (bcc1355a5030d0e7b8addbb3963699d6)] -> xpath: //input[@value='guest']]
2023-05-16 17:05:930 INFO  CheckoutPage :95 - Click on “Continue” tab [[ChromeDriver: chrome on WINDOWS (bcc1355a5030d0e7b8addbb3963699d6)] -> xpath: //input[@id='button-account']]
2023-05-16 17:05:346 INFO  CheckoutPage :101 - Enter firstname Jack to firstname field [[ChromeDriver: chrome on WINDOWS (bcc1355a5030d0e7b8addbb3963699d6)] -> id: input-payment-firstname]
2023-05-16 17:05:430 INFO  CheckoutPage :107 - Enter lastname Smith to lastname field [[ChromeDriver: chrome on WINDOWS (bcc1355a5030d0e7b8addbb3963699d6)] -> id: input-payment-lastname]
2023-05-16 17:05:517 INFO  CheckoutPage :113 - Enter email jack to email field [[ChromeDriver: chrome on WINDOWS (bcc1355a5030d0e7b8addbb3963699d6)] -> id: input-payment-email]
2023-05-16 17:05:627 INFO  CheckoutPage :119 - Enter phoneNumber 01234567890 to phoneNumber field [[ChromeDriver: chrome on WINDOWS (bcc1355a5030d0e7b8addbb3963699d6)] -> id: input-payment-telephone]
2023-05-16 17:05:710 INFO  CheckoutPage :125 - Enter address Line 1 63 Harrow road to address field [[ChromeDriver: chrome on WINDOWS (bcc1355a5030d0e7b8addbb3963699d6)] -> id: input-payment-address-1]
2023-05-16 17:05:755 INFO  CheckoutPage :131 - Enter city London to city field [[ChromeDriver: chrome on WINDOWS (bcc1355a5030d0e7b8addbb3963699d6)] -> id: input-payment-city]
2023-05-16 17:05:826 INFO  CheckoutPage :137 - Enter postcode HA1 1AD to postcode field [[ChromeDriver: chrome on WINDOWS (bcc1355a5030d0e7b8addbb3963699d6)] -> id: input-payment-postcode]
2023-05-16 17:05:904 INFO  CheckoutPage :143 - Select country United Kingdom to country field [[ChromeDriver: chrome on WINDOWS (bcc1355a5030d0e7b8addbb3963699d6)] -> id: input-payment-country]
2023-05-16 17:05:995 INFO  CheckoutPage :150 - Select state Bristol to state field [[ChromeDriver: chrome on WINDOWS (bcc1355a5030d0e7b8addbb3963699d6)] -> id: input-payment-zone]
2023-05-16 17:05:50 INFO  CheckoutPage :156 -  Click on continue button [[ChromeDriver: chrome on WINDOWS (bcc1355a5030d0e7b8addbb3963699d6)] -> id: button-guest]
2023-05-16 17:05:778 INFO  CheckoutPage :162 - Enter comments Nothing to Say! in to text area [[ChromeDriver: chrome on WINDOWS (bcc1355a5030d0e7b8addbb3963699d6)] -> xpath: //textarea[@name='comment']]
2023-05-16 17:05:874 INFO  CheckoutPage :168 -  Check the Terms & Conditions check box [[ChromeDriver: chrome on WINDOWS (bcc1355a5030d0e7b8addbb3963699d6)] -> xpath: //body/div[@id='checkout-checkout']/div[1]/div[1]/div[1]/div[3]/div[2]/div[1]/div[2]/div[1]/input[1]]
2023-05-16 17:05:986 INFO  CheckoutPage :174 - Click on “Continue” button [[ChromeDriver: chrome on WINDOWS (bcc1355a5030d0e7b8addbb3963699d6)] -> id: button-payment-method]
2023-05-16 17:05:44 INFO  CheckoutPage :179 - Verify the message “Warning: Payment method required!” [[ChromeDriver: chrome on WINDOWS (bcc1355a5030d0e7b8addbb3963699d6)] -> xpath: //div[@class='alert alert-danger alert-dismissible']]
2023-05-16 17:05:388 INFO  HomePage :128 - Select Login from myAccount drop down list [[[ChromeDriver: chrome on WINDOWS (e7d50ab212369d9a3dd7b64b811e18f9)] -> xpath: //ul[@class='dropdown-menu dropdown-menu-right']/li], [[ChromeDriver: chrome on WINDOWS (e7d50ab212369d9a3dd7b64b811e18f9)] -> xpath: //ul[@class='dropdown-menu dropdown-menu-right']/li]]
2023-05-16 17:05:477 INFO  LoginPage :43 - Enter email iampatel@gmail.comto email field [[ChromeDriver: chrome on WINDOWS (e7d50ab212369d9a3dd7b64b811e18f9)] -> id: input-email]
2023-05-16 17:05:561 INFO  LoginPage :49 - Enter password HelloNum1to password field [[ChromeDriver: chrome on WINDOWS (e7d50ab212369d9a3dd7b64b811e18f9)] -> id: input-password]
2023-05-16 17:05:307 INFO  LoginPage :55 - Clicking on Login Button [[ChromeDriver: chrome on WINDOWS (e7d50ab212369d9a3dd7b64b811e18f9)] -> xpath: //input[@value='Login']]
2023-05-16 17:05:324 INFO  LoginPage :60 - Verify text “My Account” [[ChromeDriver: chrome on WINDOWS (e7d50ab212369d9a3dd7b64b811e18f9)] -> xpath: //h2[text()='My Account']]
2023-05-16 17:05:118 INFO  HomePage :128 - Select Logout from myAccount drop down list [[[ChromeDriver: chrome on WINDOWS (e7d50ab212369d9a3dd7b64b811e18f9)] -> xpath: //ul[@class='dropdown-menu dropdown-menu-right']/li], [[ChromeDriver: chrome on WINDOWS (e7d50ab212369d9a3dd7b64b811e18f9)] -> xpath: //ul[@class='dropdown-menu dropdown-menu-right']/li], [[ChromeDriver: chrome on WINDOWS (e7d50ab212369d9a3dd7b64b811e18f9)] -> xpath: //ul[@class='dropdown-menu dropdown-menu-right']/li], [[ChromeDriver: chrome on WINDOWS (e7d50ab212369d9a3dd7b64b811e18f9)] -> xpath: //ul[@class='dropdown-menu dropdown-menu-right']/li], [[ChromeDriver: chrome on WINDOWS (e7d50ab212369d9a3dd7b64b811e18f9)] -> xpath: //ul[@class='dropdown-menu dropdown-menu-right']/li]]
2023-05-16 17:05:137 INFO  LogoutPage :27 - Verify text "Account Logout" [[ChromeDriver: chrome on WINDOWS (e7d50ab212369d9a3dd7b64b811e18f9)] -> xpath: //h1[text()='Account Logout']]
2023-05-16 17:05:578 INFO  LogoutPage :33 - Clicking on Continue Button [[ChromeDriver: chrome on WINDOWS (e7d50ab212369d9a3dd7b64b811e18f9)] -> xpath: //a[contains(text(),'Continue')]]
2023-05-16 17:05:205 INFO  HomePage :128 - Select Register from myAccount drop down list [[[ChromeDriver: chrome on WINDOWS (0e8c2cb275f7bf630b4f64e16074fcf2)] -> xpath: //ul[@class='dropdown-menu dropdown-menu-right']/li], [[ChromeDriver: chrome on WINDOWS (0e8c2cb275f7bf630b4f64e16074fcf2)] -> xpath: //ul[@class='dropdown-menu dropdown-menu-right']/li]]
2023-05-16 17:05:285 INFO  RegisterPage :64 - Enter Firstname Iama to Firstname field [[ChromeDriver: chrome on WINDOWS (0e8c2cb275f7bf630b4f64e16074fcf2)] -> id: input-firstname]
2023-05-16 17:05:351 INFO  RegisterPage :69 - Enter Lastname Patel to Lastname field [[ChromeDriver: chrome on WINDOWS (0e8c2cb275f7bf630b4f64e16074fcf2)] -> id: input-lastname]
2023-05-16 17:05:434 INFO  RegisterPage :74 - Enter email patelOxZA@gmail.com to email field [[ChromeDriver: chrome on WINDOWS (0e8c2cb275f7bf630b4f64e16074fcf2)] -> id: input-email]
2023-05-16 17:05:497 INFO  RegisterPage :79 - Enter Telephone 01234567890 to Telephone field [[ChromeDriver: chrome on WINDOWS (0e8c2cb275f7bf630b4f64e16074fcf2)] -> id: input-telephone]
2023-05-16 17:05:549 INFO  RegisterPage :84 - Enter Password Hellonum1 to Password field [[ChromeDriver: chrome on WINDOWS (0e8c2cb275f7bf630b4f64e16074fcf2)] -> id: input-password]
2023-05-16 17:05:603 INFO  RegisterPage :89 - Enter ConfirmPassword Hellonum1 to ConfirmPassword field [[ChromeDriver: chrome on WINDOWS (0e8c2cb275f7bf630b4f64e16074fcf2)] -> id: input-confirm]
2023-05-16 17:05:644 INFO  RegisterPage :101 - Select Subscribe Yes radio button [[[ChromeDriver: chrome on WINDOWS (0e8c2cb275f7bf630b4f64e16074fcf2)] -> xpath: //fieldset[3]//input], [[ChromeDriver: chrome on WINDOWS (0e8c2cb275f7bf630b4f64e16074fcf2)] -> xpath: //fieldset[3]//input]]
2023-05-16 17:05:690 INFO  RegisterPage :106 - Click on Privacy Policy check box [[ChromeDriver: chrome on WINDOWS (0e8c2cb275f7bf630b4f64e16074fcf2)] -> xpath: //input[@name='agree']]
2023-05-16 17:05:440 INFO  RegisterPage :111 - Clicking on Continue Button [[ChromeDriver: chrome on WINDOWS (0e8c2cb275f7bf630b4f64e16074fcf2)] -> xpath: //input[@type='submit']]
2023-05-16 17:05:469 INFO  RegisterPage :115 - Verify the message “Your Account Has Been Created!” [[ChromeDriver: chrome on WINDOWS (0e8c2cb275f7bf630b4f64e16074fcf2)] -> xpath: //h1[text()='Your Account Has Been Created!']]
2023-05-16 17:05:757 INFO  RegisterPage :121 - Clicking on Continue Button [[ChromeDriver: chrome on WINDOWS (0e8c2cb275f7bf630b4f64e16074fcf2)] -> xpath: //a[text()='Continue']]
2023-05-16 17:05:544 INFO  HomePage :128 - Select Logout from myAccount drop down list [[[ChromeDriver: chrome on WINDOWS (0e8c2cb275f7bf630b4f64e16074fcf2)] -> xpath: //ul[@class='dropdown-menu dropdown-menu-right']/li], [[ChromeDriver: chrome on WINDOWS (0e8c2cb275f7bf630b4f64e16074fcf2)] -> xpath: //ul[@class='dropdown-menu dropdown-menu-right']/li], [[ChromeDriver: chrome on WINDOWS (0e8c2cb275f7bf630b4f64e16074fcf2)] -> xpath: //ul[@class='dropdown-menu dropdown-menu-right']/li], [[ChromeDriver: chrome on WINDOWS (0e8c2cb275f7bf630b4f64e16074fcf2)] -> xpath: //ul[@class='dropdown-menu dropdown-menu-right']/li], [[ChromeDriver: chrome on WINDOWS (0e8c2cb275f7bf630b4f64e16074fcf2)] -> xpath: //ul[@class='dropdown-menu dropdown-menu-right']/li]]
2023-05-16 17:05:569 INFO  LogoutPage :27 - Verify text "Account Logout" [[ChromeDriver: chrome on WINDOWS (0e8c2cb275f7bf630b4f64e16074fcf2)] -> xpath: //h1[text()='Account Logout']]
2023-05-16 17:05:22 INFO  LogoutPage :33 - Clicking on Continue Button [[ChromeDriver: chrome on WINDOWS (0e8c2cb275f7bf630b4f64e16074fcf2)] -> xpath: //a[contains(text(),'Continue')]]
2023-05-16 17:05:808 INFO  HomePage :80 - Mouse hover on “Laptops & Notebooks” Tab and click [[ChromeDriver: chrome on WINDOWS (8bd348612d576ae1a161f4f281622387)] -> link text: Laptops & Notebooks]
2023-05-16 17:05:869 INFO  HomePage :68 - Click Show All Laptops & Notebooks from homepage Top menu  []
2023-05-16 17:05:900 INFO  LaptopAndNotebookPage :39 - Verify the text ‘Laptops & Notebooks’ [[ChromeDriver: chrome on WINDOWS (8bd348612d576ae1a161f4f281622387)] -> xpath: //h2[contains(text(),'Laptops & Notebooks')]]
2023-05-16 17:05:778 INFO  HomePage :74 - Mouse hover on “Desktops” Tab and click [[ChromeDriver: chrome on WINDOWS (85895a2eb9f1d0c4f4900f964562d9a8)] -> link text: Desktops]
2023-05-16 17:05:238 INFO  HomePage :93 - Click on Show All Desktop tab [[ChromeDriver: chrome on WINDOWS (85895a2eb9f1d0c4f4900f964562d9a8)] -> xpath: //a[normalize-space()='Show AllDesktops']]
2023-05-16 17:05:318 INFO  DesktopPage :45 - Click on sort by position [[ChromeDriver: chrome on WINDOWS (85895a2eb9f1d0c4f4900f964562d9a8)] -> id: input-sort]
2023-05-16 17:05:837 INFO  DesktopPage :74 - Select option product sorted by Name (Z - A)from sort by options [[ChromeDriver: chrome on WINDOWS (85895a2eb9f1d0c4f4900f964562d9a8)] -> id: input-sort]
2023-05-16 17:05:977 INFO  HomePage :74 - Mouse hover on “Desktops” Tab and click [[ChromeDriver: chrome on WINDOWS (612dcbda82a2288bc37a2a363bc4cbed)] -> link text: Desktops]
2023-05-16 17:05:468 INFO  HomePage :93 - Click on Show All Desktop tab [[ChromeDriver: chrome on WINDOWS (612dcbda82a2288bc37a2a363bc4cbed)] -> xpath: //a[normalize-space()='Show AllDesktops']]
2023-05-16 17:05:529 INFO  HomePage :105 - Clicking on Currency on top of page [[ChromeDriver: chrome on WINDOWS (612dcbda82a2288bc37a2a363bc4cbed)] -> xpath: //span[normalize-space()='Currency']]
2023-05-16 17:05:536 INFO  HomePage :113 - Select £Pound Sterling from currency drop down list [[[ChromeDriver: chrome on WINDOWS (612dcbda82a2288bc37a2a363bc4cbed)] -> xpath: //ul[@class = 'dropdown-menu']/li], [[ChromeDriver: chrome on WINDOWS (612dcbda82a2288bc37a2a363bc4cbed)] -> xpath: //ul[@class = 'dropdown-menu']/li], [[ChromeDriver: chrome on WINDOWS (612dcbda82a2288bc37a2a363bc4cbed)] -> xpath: //ul[@class = 'dropdown-menu']/li]]
2023-05-16 17:05:82 INFO  DesktopPage :74 - Select option product sorted by Name (A - Z)from sort by options [[ChromeDriver: chrome on WINDOWS (612dcbda82a2288bc37a2a363bc4cbed)] -> id: input-sort]
2023-05-16 17:05:277 INFO  DesktopPage :79 - Clicking on HP LP3065 [[ChromeDriver: chrome on WINDOWS (612dcbda82a2288bc37a2a363bc4cbed)] -> xpath: //a[contains(text(),'HP LP3065')]]
2023-05-16 17:05:302 INFO  ProductPage :52 - Verify the Text "HP LP3065" [[ChromeDriver: chrome on WINDOWS (612dcbda82a2288bc37a2a363bc4cbed)] -> xpath: //a[contains(text(),'HP LP3065')]]
2023-05-16 17:05:377 INFO  ProductPage :58 - Select 2022November30 to date field [[ChromeDriver: chrome on WINDOWS (612dcbda82a2288bc37a2a363bc4cbed)] -> xpath: //div[@class = 'input-group date']//button]
2023-05-16 17:05:166 INFO  ProductPage :82 - Enter Qty 1 to quantity field [[ChromeDriver: chrome on WINDOWS (612dcbda82a2288bc37a2a363bc4cbed)] -> xpath: //input[@id='input-quantity']]
2023-05-16 17:05:365 INFO  ProductPage :87 - Clicking on Login Button [[ChromeDriver: chrome on WINDOWS (612dcbda82a2288bc37a2a363bc4cbed)] -> xpath: //button[@id='button-cart']]
2023-05-16 17:05:388 INFO  ProductPage :91 - Verify the Message “Success: You have added HP LP3065 to your shopping cart!” [[ChromeDriver: chrome on WINDOWS (612dcbda82a2288bc37a2a363bc4cbed)] -> xpath: //div[@class='alert alert-success alert-dismissible']]
2023-05-16 17:05:954 INFO  ProductPage :97 - Click on link “shopping cart” display into success message [[ChromeDriver: chrome on WINDOWS (612dcbda82a2288bc37a2a363bc4cbed)] -> xpath: //a[contains(text(),'shopping cart')]]
2023-05-16 17:05:980 INFO  ShoppingCartPage :47 -  Verify the text Shopping Cart [[ChromeDriver: chrome on WINDOWS (612dcbda82a2288bc37a2a363bc4cbed)] -> xpath: //div[@id='content']//h1]
2023-05-16 17:05:20 INFO  ShoppingCartPage :52 - Verify the Product name HP LP3065 [[ChromeDriver: chrome on WINDOWS (612dcbda82a2288bc37a2a363bc4cbed)] -> xpath: //div[@class = 'table-responsive']/table/tbody/tr/td[2]/a]
2023-05-16 17:05:50 INFO  ShoppingCartPage :57 - Verify the Delivery Date 2022-11-30 [[ChromeDriver: chrome on WINDOWS (612dcbda82a2288bc37a2a363bc4cbed)] -> xpath: //div[@class = 'table-responsive']/table/tbody/tr/td[2]/small[1]]
2023-05-16 17:05:68 INFO  ShoppingCartPage :62 - Verify the Model Product21 [[ChromeDriver: chrome on WINDOWS (612dcbda82a2288bc37a2a363bc4cbed)] -> xpath: //div[@class = 'table-responsive']/table/tbody/tr/td[3]]
2023-05-16 17:05:88 INFO  ShoppingCartPage :67 - Verify the Total £74.73 [[ChromeDriver: chrome on WINDOWS (612dcbda82a2288bc37a2a363bc4cbed)] -> xpath: //div[@class = 'table-responsive']/table/tbody/tr/td[6]]
2023-05-16 17:05:382 INFO  HomePage :80 - Mouse hover on “Laptops & Notebooks” Tab and click [[ChromeDriver: chrome on WINDOWS (d45d1feeac5f192475734be9ed30df60)] -> link text: Laptops & Notebooks]
2023-05-16 17:05:892 INFO  HomePage :99 - Click on Show All LaptopAndNotebook Tab [[ChromeDriver: chrome on WINDOWS (d45d1feeac5f192475734be9ed30df60)] -> xpath: //a[normalize-space()='Show AllLaptops & Notebooks']]
2023-05-16 17:05:965 INFO  DesktopPage :45 - Click on sort by position [[ChromeDriver: chrome on WINDOWS (d45d1feeac5f192475734be9ed30df60)] -> id: input-sort]
2023-05-16 17:05:890 INFO  DesktopPage :74 - Select option product sorted by Price (High > Low)from sort by options [[ChromeDriver: chrome on WINDOWS (d45d1feeac5f192475734be9ed30df60)] -> id: input-sort]
2023-05-16 17:05:965 INFO  LaptopAndNotebookPage :63 - Verify Product sorted  price High to low [[[ChromeDriver: chrome on WINDOWS (d45d1feeac5f192475734be9ed30df60)] -> xpath: //p[@class ='price']], [[ChromeDriver: chrome on WINDOWS (d45d1feeac5f192475734be9ed30df60)] -> xpath: //p[@class ='price']], [[ChromeDriver: chrome on WINDOWS (d45d1feeac5f192475734be9ed30df60)] -> xpath: //p[@class ='price']], [[ChromeDriver: chrome on WINDOWS (d45d1feeac5f192475734be9ed30df60)] -> xpath: //p[@class ='price']], [[ChromeDriver: chrome on WINDOWS (d45d1feeac5f192475734be9ed30df60)] -> xpath: //p[@class ='price']]]
2023-05-16 17:05:19 INFO  LaptopAndNotebookPage :63 - Verify Product sorted  price High to low [[[ChromeDriver: chrome on WINDOWS (d45d1feeac5f192475734be9ed30df60)] -> xpath: //p[@class ='price']], [[ChromeDriver: chrome on WINDOWS (d45d1feeac5f192475734be9ed30df60)] -> xpath: //p[@class ='price']], [[ChromeDriver: chrome on WINDOWS (d45d1feeac5f192475734be9ed30df60)] -> xpath: //p[@class ='price']], [[ChromeDriver: chrome on WINDOWS (d45d1feeac5f192475734be9ed30df60)] -> xpath: //p[@class ='price']], [[ChromeDriver: chrome on WINDOWS (d45d1feeac5f192475734be9ed30df60)] -> xpath: //p[@class ='price']]]
2023-05-16 17:05:871 INFO  HomePage :80 - Mouse hover on “Laptops & Notebooks” Tab and click [[ChromeDriver: chrome on WINDOWS (f20b48720306a9befb214cccb27da82b)] -> link text: Laptops & Notebooks]
2023-05-16 17:05:285 INFO  HomePage :99 - Click on Show All LaptopAndNotebook Tab [[ChromeDriver: chrome on WINDOWS (f20b48720306a9befb214cccb27da82b)] -> xpath: //a[normalize-space()='Show AllLaptops & Notebooks']]
2023-05-16 17:05:343 INFO  HomePage :105 - Clicking on Currency on top of page [[ChromeDriver: chrome on WINDOWS (f20b48720306a9befb214cccb27da82b)] -> xpath: //span[normalize-space()='Currency']]
2023-05-16 17:05:05 INFO  HomePage :113 - Select £Pound Sterling from currency drop down list [[[ChromeDriver: chrome on WINDOWS (f20b48720306a9befb214cccb27da82b)] -> xpath: //ul[@class = 'dropdown-menu']/li], [[ChromeDriver: chrome on WINDOWS (f20b48720306a9befb214cccb27da82b)] -> xpath: //ul[@class = 'dropdown-menu']/li], [[ChromeDriver: chrome on WINDOWS (f20b48720306a9befb214cccb27da82b)] -> xpath: //ul[@class = 'dropdown-menu']/li]]
2023-05-16 17:05:444 INFO  DesktopPage :74 - Select option product sorted by Price (High > Low)from sort by options [[ChromeDriver: chrome on WINDOWS (f20b48720306a9befb214cccb27da82b)] -> id: input-sort]
2023-05-16 17:05:756 INFO  LaptopAndNotebookPage :80 - Select Macbook[[ChromeDriver: chrome on WINDOWS (f20b48720306a9befb214cccb27da82b)] -> link text: MacBook]
2023-05-16 17:05:782 INFO  ProductPage :101 - Verify text MacBook [[ChromeDriver: chrome on WINDOWS (f20b48720306a9befb214cccb27da82b)] -> xpath: //h1[contains(text(),'MacBook')]]
2023-05-16 17:05:00 INFO  ProductPage :87 - Clicking on Login Button [[ChromeDriver: chrome on WINDOWS (f20b48720306a9befb214cccb27da82b)] -> xpath: //button[@id='button-cart']]
2023-05-16 17:05:296 INFO  ProductPage :91 - Verify the Message “Success: You have added HP LP3065 to your shopping cart!” [[ChromeDriver: chrome on WINDOWS (f20b48720306a9befb214cccb27da82b)] -> xpath: //div[@class='alert alert-success alert-dismissible']]
2023-05-16 17:05:962 INFO  ProductPage :97 - Click on link “shopping cart” display into success message [[ChromeDriver: chrome on WINDOWS (f20b48720306a9befb214cccb27da82b)] -> xpath: //a[contains(text(),'shopping cart')]]
2023-05-16 17:05:990 INFO  ShoppingCartPage :47 -  Verify the text Shopping Cart [[ChromeDriver: chrome on WINDOWS (f20b48720306a9befb214cccb27da82b)] -> xpath: //div[@id='content']//h1]
2023-05-16 17:05:23 INFO  ShoppingCartPage :52 - Verify the Product name HP LP3065 [[ChromeDriver: chrome on WINDOWS (f20b48720306a9befb214cccb27da82b)] -> xpath: //div[@class = 'table-responsive']/table/tbody/tr/td[2]/a]
2023-05-16 17:05:140 INFO  ShoppingCartPage :74 - Change Quantity 2 to quantity field [[ChromeDriver: chrome on WINDOWS (f20b48720306a9befb214cccb27da82b)] -> xpath: //div[@class='input-group btn-block']/input[@type='text']]
2023-05-16 17:05:793 INFO  ShoppingCartPage :79 -  Click on “Update” Tab [[ChromeDriver: chrome on WINDOWS (f20b48720306a9befb214cccb27da82b)] -> xpath: //i[@class = 'fa fa-refresh']]
2023-05-16 17:05:812 INFO  ShoppingCartPage :83 - Getting welcome back text [[ChromeDriver: chrome on WINDOWS (f20b48720306a9befb214cccb27da82b)] -> xpath: //div[@id='checkout-cart']/div[1]]
2023-05-16 17:05:834 INFO  ShoppingCartPage :67 - Verify the Total £74.73 [[ChromeDriver: chrome on WINDOWS (f20b48720306a9befb214cccb27da82b)] -> xpath: //div[@class = 'table-responsive']/table/tbody/tr/td[6]]
2023-05-16 17:05:204 INFO  ShoppingCartPage :89 - Click on “Checkout” button [[ChromeDriver: chrome on WINDOWS (f20b48720306a9befb214cccb27da82b)] -> css selector: a.btn.btn-primary]
2023-05-16 17:05:224 INFO  CheckoutPage :76 - Verify the text “Checkout” [[ChromeDriver: chrome on WINDOWS (f20b48720306a9befb214cccb27da82b)] -> xpath: //div[@id='content']/h1]
2023-05-16 17:05:791 INFO  CheckoutPage :82 - Verify the Text “New Customer” [[ChromeDriver: chrome on WINDOWS (f20b48720306a9befb214cccb27da82b)] -> xpath: //h2[contains(text(),'New Customer')]]
2023-05-16 17:05:380 INFO  CheckoutPage :89 - Click on “Guest Checkout” radio button [[ChromeDriver: chrome on WINDOWS (f20b48720306a9befb214cccb27da82b)] -> xpath: //input[@value='guest']]
2023-05-16 17:05:433 INFO  CheckoutPage :95 - Click on “Continue” tab [[ChromeDriver: chrome on WINDOWS (f20b48720306a9befb214cccb27da82b)] -> xpath: //input[@id='button-account']]
2023-05-16 17:05:780 INFO  CheckoutPage :101 - Enter firstname Jack to firstname field [[ChromeDriver: chrome on WINDOWS (f20b48720306a9befb214cccb27da82b)] -> id: input-payment-firstname]
2023-05-16 17:05:854 INFO  CheckoutPage :107 - Enter lastname Smith to lastname field [[ChromeDriver: chrome on WINDOWS (f20b48720306a9befb214cccb27da82b)] -> id: input-payment-lastname]
2023-05-16 17:05:946 INFO  CheckoutPage :113 - Enter email jack to email field [[ChromeDriver: chrome on WINDOWS (f20b48720306a9befb214cccb27da82b)] -> id: input-payment-email]
2023-05-16 17:05:66 INFO  CheckoutPage :119 - Enter phoneNumber 01234567890 to phoneNumber field [[ChromeDriver: chrome on WINDOWS (f20b48720306a9befb214cccb27da82b)] -> id: input-payment-telephone]
2023-05-16 17:05:133 INFO  CheckoutPage :125 - Enter address Line 1 63 Harrow road to address field [[ChromeDriver: chrome on WINDOWS (f20b48720306a9befb214cccb27da82b)] -> id: input-payment-address-1]
2023-05-16 17:05:194 INFO  CheckoutPage :131 - Enter city London to city field [[ChromeDriver: chrome on WINDOWS (f20b48720306a9befb214cccb27da82b)] -> id: input-payment-city]
2023-05-16 17:05:253 INFO  CheckoutPage :137 - Enter postcode HA1 1AD to postcode field [[ChromeDriver: chrome on WINDOWS (f20b48720306a9befb214cccb27da82b)] -> id: input-payment-postcode]
2023-05-16 17:05:301 INFO  CheckoutPage :143 - Select country United Kingdom to country field [[ChromeDriver: chrome on WINDOWS (f20b48720306a9befb214cccb27da82b)] -> id: input-payment-country]
2023-05-16 17:05:374 INFO  CheckoutPage :150 - Select state Bristol to state field [[ChromeDriver: chrome on WINDOWS (f20b48720306a9befb214cccb27da82b)] -> id: input-payment-zone]
2023-05-16 17:05:427 INFO  CheckoutPage :156 -  Click on continue button [[ChromeDriver: chrome on WINDOWS (f20b48720306a9befb214cccb27da82b)] -> id: button-guest]
2023-05-16 17:05:49 INFO  CheckoutPage :162 - Enter comments Nothing to Say! in to text area [[ChromeDriver: chrome on WINDOWS (f20b48720306a9befb214cccb27da82b)] -> xpath: //textarea[@name='comment']]
2023-05-16 17:05:126 INFO  CheckoutPage :168 -  Check the Terms & Conditions check box [[ChromeDriver: chrome on WINDOWS (f20b48720306a9befb214cccb27da82b)] -> xpath: //body/div[@id='checkout-checkout']/div[1]/div[1]/div[1]/div[3]/div[2]/div[1]/div[2]/div[1]/input[1]]
2023-05-16 17:05:213 INFO  CheckoutPage :174 - Click on “Continue” button [[ChromeDriver: chrome on WINDOWS (f20b48720306a9befb214cccb27da82b)] -> id: button-payment-method]
2023-05-16 17:05:267 INFO  CheckoutPage :179 - Verify the message “Warning: Payment method required!” [[ChromeDriver: chrome on WINDOWS (f20b48720306a9befb214cccb27da82b)] -> xpath: //div[@class='alert alert-danger alert-dismissible']]
2023-05-16 17:05:177 INFO  HomePage :128 - Select Login from myAccount drop down list [[[ChromeDriver: chrome on WINDOWS (5fb1245b9d938c4a336dbd24fe377ebc)] -> xpath: //ul[@class='dropdown-menu dropdown-menu-right']/li], [[ChromeDriver: chrome on WINDOWS (5fb1245b9d938c4a336dbd24fe377ebc)] -> xpath: //ul[@class='dropdown-menu dropdown-menu-right']/li]]
2023-05-16 17:05:203 INFO  LoginPage :36 - Verify the text “Returning Customer” [[ChromeDriver: chrome on WINDOWS (5fb1245b9d938c4a336dbd24fe377ebc)] -> xpath: //h2[contains(text(),'Returning Customer')]]
2023-05-16 17:05:42 INFO  HomePage :128 - Select Login from myAccount drop down list [[[ChromeDriver: chrome on WINDOWS (d23f3e75e3412c7d4bdc8a1cbb3d7f00)] -> xpath: //ul[@class='dropdown-menu dropdown-menu-right']/li], [[ChromeDriver: chrome on WINDOWS (d23f3e75e3412c7d4bdc8a1cbb3d7f00)] -> xpath: //ul[@class='dropdown-menu dropdown-menu-right']/li]]
2023-05-16 17:05:159 INFO  LoginPage :43 - Enter email iampatel@gmail.comto email field [[ChromeDriver: chrome on WINDOWS (d23f3e75e3412c7d4bdc8a1cbb3d7f00)] -> id: input-email]
2023-05-16 17:05:236 INFO  LoginPage :49 - Enter password HelloNum1to password field [[ChromeDriver: chrome on WINDOWS (d23f3e75e3412c7d4bdc8a1cbb3d7f00)] -> id: input-password]
2023-05-16 17:05:368 INFO  LoginPage :55 - Clicking on Login Button [[ChromeDriver: chrome on WINDOWS (d23f3e75e3412c7d4bdc8a1cbb3d7f00)] -> xpath: //input[@value='Login']]
2023-05-16 17:05:381 INFO  LoginPage :60 - Verify text “My Account” [[ChromeDriver: chrome on WINDOWS (d23f3e75e3412c7d4bdc8a1cbb3d7f00)] -> xpath: //h2[text()='My Account']]
2023-05-16 17:05:63 INFO  HomePage :128 - Select Logout from myAccount drop down list [[[ChromeDriver: chrome on WINDOWS (d23f3e75e3412c7d4bdc8a1cbb3d7f00)] -> xpath: //ul[@class='dropdown-menu dropdown-menu-right']/li], [[ChromeDriver: chrome on WINDOWS (d23f3e75e3412c7d4bdc8a1cbb3d7f00)] -> xpath: //ul[@class='dropdown-menu dropdown-menu-right']/li], [[ChromeDriver: chrome on WINDOWS (d23f3e75e3412c7d4bdc8a1cbb3d7f00)] -> xpath: //ul[@class='dropdown-menu dropdown-menu-right']/li], [[ChromeDriver: chrome on WINDOWS (d23f3e75e3412c7d4bdc8a1cbb3d7f00)] -> xpath: //ul[@class='dropdown-menu dropdown-menu-right']/li], [[ChromeDriver: chrome on WINDOWS (d23f3e75e3412c7d4bdc8a1cbb3d7f00)] -> xpath: //ul[@class='dropdown-menu dropdown-menu-right']/li]]
2023-05-16 17:05:81 INFO  LogoutPage :27 - Verify text "Account Logout" [[ChromeDriver: chrome on WINDOWS (d23f3e75e3412c7d4bdc8a1cbb3d7f00)] -> xpath: //h1[text()='Account Logout']]
2023-05-16 17:05:467 INFO  LogoutPage :33 - Clicking on Continue Button [[ChromeDriver: chrome on WINDOWS (d23f3e75e3412c7d4bdc8a1cbb3d7f00)] -> xpath: //a[contains(text(),'Continue')]]
2023-05-16 17:05:831 INFO  HomePage :128 - Select Register from myAccount drop down list [[[ChromeDriver: chrome on WINDOWS (2da464c2a5b68578a10eb96622534e17)] -> xpath: //ul[@class='dropdown-menu dropdown-menu-right']/li], [[ChromeDriver: chrome on WINDOWS (2da464c2a5b68578a10eb96622534e17)] -> xpath: //ul[@class='dropdown-menu dropdown-menu-right']/li]]
2023-05-16 17:05:856 INFO  RegisterPage :58 - Verify the text “Register Account”. [[ChromeDriver: chrome on WINDOWS (2da464c2a5b68578a10eb96622534e17)] -> xpath: //h1[contains(text(),'Register Account')]]
2023-05-16 17:05:678 INFO  HomePage :128 - Select Register from myAccount drop down list [[[ChromeDriver: chrome on WINDOWS (df7d3437a39da10503735b0947df7016)] -> xpath: //ul[@class='dropdown-menu dropdown-menu-right']/li], [[ChromeDriver: chrome on WINDOWS (df7d3437a39da10503735b0947df7016)] -> xpath: //ul[@class='dropdown-menu dropdown-menu-right']/li]]
2023-05-16 17:05:773 INFO  RegisterPage :64 - Enter Firstname Iama to Firstname field [[ChromeDriver: chrome on WINDOWS (df7d3437a39da10503735b0947df7016)] -> id: input-firstname]
2023-05-16 17:05:843 INFO  RegisterPage :69 - Enter Lastname Patel to Lastname field [[ChromeDriver: chrome on WINDOWS (df7d3437a39da10503735b0947df7016)] -> id: input-lastname]
2023-05-16 17:05:921 INFO  RegisterPage :74 - Enter email pateliqx2@gmail.com to email field [[ChromeDriver: chrome on WINDOWS (df7d3437a39da10503735b0947df7016)] -> id: input-email]
2023-05-16 17:05:980 INFO  RegisterPage :79 - Enter Telephone 01234567890 to Telephone field [[ChromeDriver: chrome on WINDOWS (df7d3437a39da10503735b0947df7016)] -> id: input-telephone]
2023-05-16 17:05:33 INFO  RegisterPage :84 - Enter Password Hellonum1 to Password field [[ChromeDriver: chrome on WINDOWS (df7d3437a39da10503735b0947df7016)] -> id: input-password]
2023-05-16 17:05:84 INFO  RegisterPage :89 - Enter ConfirmPassword Hellonum1 to ConfirmPassword field [[ChromeDriver: chrome on WINDOWS (df7d3437a39da10503735b0947df7016)] -> id: input-confirm]
2023-05-16 17:05:113 INFO  RegisterPage :101 - Select Subscribe Yes radio button [[[ChromeDriver: chrome on WINDOWS (df7d3437a39da10503735b0947df7016)] -> xpath: //fieldset[3]//input], [[ChromeDriver: chrome on WINDOWS (df7d3437a39da10503735b0947df7016)] -> xpath: //fieldset[3]//input]]
2023-05-16 17:05:159 INFO  RegisterPage :106 - Click on Privacy Policy check box [[ChromeDriver: chrome on WINDOWS (df7d3437a39da10503735b0947df7016)] -> xpath: //input[@name='agree']]
2023-05-16 17:05:897 INFO  RegisterPage :111 - Clicking on Continue Button [[ChromeDriver: chrome on WINDOWS (df7d3437a39da10503735b0947df7016)] -> xpath: //input[@type='submit']]
2023-05-16 17:05:925 INFO  RegisterPage :115 - Verify the message “Your Account Has Been Created!” [[ChromeDriver: chrome on WINDOWS (df7d3437a39da10503735b0947df7016)] -> xpath: //h1[text()='Your Account Has Been Created!']]
2023-05-16 17:05:364 INFO  RegisterPage :121 - Clicking on Continue Button [[ChromeDriver: chrome on WINDOWS (df7d3437a39da10503735b0947df7016)] -> xpath: //a[text()='Continue']]
2023-05-16 17:05:159 INFO  HomePage :128 - Select Logout from myAccount drop down list [[[ChromeDriver: chrome on WINDOWS (df7d3437a39da10503735b0947df7016)] -> xpath: //ul[@class='dropdown-menu dropdown-menu-right']/li], [[ChromeDriver: chrome on WINDOWS (df7d3437a39da10503735b0947df7016)] -> xpath: //ul[@class='dropdown-menu dropdown-menu-right']/li], [[ChromeDriver: chrome on WINDOWS (df7d3437a39da10503735b0947df7016)] -> xpath: //ul[@class='dropdown-menu dropdown-menu-right']/li], [[ChromeDriver: chrome on WINDOWS (df7d3437a39da10503735b0947df7016)] -> xpath: //ul[@class='dropdown-menu dropdown-menu-right']/li], [[ChromeDriver: chrome on WINDOWS (df7d3437a39da10503735b0947df7016)] -> xpath: //ul[@class='dropdown-menu dropdown-menu-right']/li]]
2023-05-16 17:05:185 INFO  LogoutPage :27 - Verify text "Account Logout" [[ChromeDriver: chrome on WINDOWS (df7d3437a39da10503735b0947df7016)] -> xpath: //h1[text()='Account Logout']]
2023-05-16 17:05:664 INFO  LogoutPage :33 - Clicking on Continue Button [[ChromeDriver: chrome on WINDOWS (df7d3437a39da10503735b0947df7016)] -> xpath: //a[contains(text(),'Continue')]]
2023-05-16 17:05:766 INFO  HomePage :74 - Mouse hover on “Desktops” Tab and click [[ChromeDriver: chrome on WINDOWS (68fd9d1cd1690098e03802b921aec558)] -> link text: Desktops]
2023-05-16 17:05:782 INFO  HomePage :68 - Click Show All Desktops from homepage Top menu  []
2023-05-16 17:05:823 INFO  DesktopPage :39 - Verify the text ‘Desktops’[[ChromeDriver: chrome on WINDOWS (68fd9d1cd1690098e03802b921aec558)] -> xpath: //h2[contains(text(),'Desktops')]]
2023-05-16 17:05:868 INFO  HomePage :80 - Mouse hover on “Laptops & Notebooks” Tab and click [[ChromeDriver: chrome on WINDOWS (31041ad1b9d6bba79426c6110ad5fe2b)] -> link text: Laptops & Notebooks]
2023-05-16 17:05:891 INFO  HomePage :68 - Click Show All Laptops & Notebooks from homepage Top menu  []
2023-05-16 17:05:936 INFO  LaptopAndNotebookPage :39 - Verify the text ‘Laptops & Notebooks’ [[ChromeDriver: chrome on WINDOWS (31041ad1b9d6bba79426c6110ad5fe2b)] -> xpath: //h2[contains(text(),'Laptops & Notebooks')]]
2023-05-16 17:05:275 INFO  HomePage :86 -  Mouse hover on “Components” Tab and click [[ChromeDriver: chrome on WINDOWS (67466b31ca76567856d68e8593b1db8b)] -> link text: Components]
2023-05-16 17:05:368 INFO  HomePage :68 - Click Show All Components from homepage Top menu  []
2023-05-16 17:05:416 INFO  ComponentsPage :21 - Verify the text ‘Components’ [[ChromeDriver: chrome on WINDOWS (67466b31ca76567856d68e8593b1db8b)] -> xpath: //h2[contains(text(),'Components')]]
