2023-05-16 16:05:525 INFO  HomePage :74 - Mouse hover on “Desktops” Tab and click [[ChromeDriver: chrome on WINDOWS (d8c608fa60a73a649aaa4c517cd68f2a)] -> link text: Desktops]
2023-05-16 16:05:561 INFO  HomePage :68 - Click Show All Desktops from homepage Top menu  []
2023-05-16 16:05:592 INFO  DesktopPage :39 - Verify the text ‘Desktops’[[ChromeDriver: chrome on WINDOWS (d8c608fa60a73a649aaa4c517cd68f2a)] -> xpath: //h2[contains(text(),'Desktops')]]
2023-05-16 16:05:388 INFO  HomePage :80 - Mouse hover on “Laptops & Notebooks” Tab and click [[ChromeDriver: chrome on WINDOWS (0c62cfba3d093037227805ce115ada89)] -> link text: Laptops & Notebooks]
2023-05-16 16:05:432 INFO  HomePage :68 - Click Show All Laptops & Notebooks from homepage Top menu  []
2023-05-16 16:05:490 INFO  LaptopAndNotebookPage :39 - Verify the text ‘Laptops & Notebooks’ [[ChromeDriver: chrome on WINDOWS (0c62cfba3d093037227805ce115ada89)] -> xpath: //h2[contains(text(),'Laptops & Notebooks')]]
2023-05-16 16:05:614 INFO  HomePage :86 -  Mouse hover on “Components” Tab and click [[ChromeDriver: chrome on WINDOWS (3db471f21cd8abfa7ac41a5be888a85e)] -> link text: Components]
2023-05-16 16:05:702 INFO  HomePage :68 - Click Show All Components from homepage Top menu  []
2023-05-16 16:05:726 INFO  ComponentsPage :21 - Verify the text ‘Components’ [[ChromeDriver: chrome on WINDOWS (3db471f21cd8abfa7ac41a5be888a85e)] -> xpath: //h2[contains(text(),'Components')]]
2023-05-16 16:05:03 INFO  HomePage :128 - Select Register from myAccount drop down list [[[ChromeDriver: chrome on WINDOWS (6d4b611434ac4d73f61a8bc1fb3ab263)] -> xpath: //ul[@class='dropdown-menu dropdown-menu-right']/li], [[ChromeDriver: chrome on WINDOWS (6d4b611434ac4d73f61a8bc1fb3ab263)] -> xpath: //ul[@class='dropdown-menu dropdown-menu-right']/li]]
2023-05-16 16:05:31 INFO  RegisterPage :58 - Verify the text “Register Account”. [[ChromeDriver: chrome on WINDOWS (6d4b611434ac4d73f61a8bc1fb3ab263)] -> xpath: //h1[contains(text(),'Register Account')]]
2023-05-16 16:05:808 INFO  HomePage :128 - Select Register from myAccount drop down list [[[ChromeDriver: chrome on WINDOWS (00b5788fcc24d783a0a4409b2ba83a34)] -> xpath: //ul[@class='dropdown-menu dropdown-menu-right']/li], [[ChromeDriver: chrome on WINDOWS (00b5788fcc24d783a0a4409b2ba83a34)] -> xpath: //ul[@class='dropdown-menu dropdown-menu-right']/li]]
2023-05-16 16:05:911 INFO  RegisterPage :64 - Enter Firstname Mick to Firstname field [[ChromeDriver: chrome on WINDOWS (00b5788fcc24d783a0a4409b2ba83a34)] -> id: input-firstname]
2023-05-16 16:05:991 INFO  RegisterPage :69 - Enter Lastname Jakson to Lastname field [[ChromeDriver: chrome on WINDOWS (00b5788fcc24d783a0a4409b2ba83a34)] -> id: input-lastname]
2023-05-16 16:05:85 INFO  RegisterPage :74 - Enter email jaksonPXBQ@gmail.com to email field [[ChromeDriver: chrome on WINDOWS (00b5788fcc24d783a0a4409b2ba83a34)] -> id: input-email]
2023-05-16 16:05:156 INFO  RegisterPage :79 - Enter Telephone 01234567890 to Telephone field [[ChromeDriver: chrome on WINDOWS (00b5788fcc24d783a0a4409b2ba83a34)] -> id: input-telephone]
2023-05-16 16:05:211 INFO  RegisterPage :84 - Enter Password MickJ123 to Password field [[ChromeDriver: chrome on WINDOWS (00b5788fcc24d783a0a4409b2ba83a34)] -> id: input-password]
2023-05-16 16:05:272 INFO  RegisterPage :89 - Enter ConfirmPassword MickJ123 to ConfirmPassword field [[ChromeDriver: chrome on WINDOWS (00b5788fcc24d783a0a4409b2ba83a34)] -> id: input-confirm]
2023-05-16 16:05:308 INFO  RegisterPage :101 - Select Subscribe Yes radio button [[[ChromeDriver: chrome on WINDOWS (00b5788fcc24d783a0a4409b2ba83a34)] -> xpath: //fieldset[3]//input], [[ChromeDriver: chrome on WINDOWS (00b5788fcc24d783a0a4409b2ba83a34)] -> xpath: //fieldset[3]//input]]
2023-05-16 16:05:373 INFO  RegisterPage :106 - Click on Privacy Policy check box [[ChromeDriver: chrome on WINDOWS (00b5788fcc24d783a0a4409b2ba83a34)] -> xpath: //input[@name='agree']]
2023-05-16 16:05:881 INFO  RegisterPage :111 - Clicking on Continue Button [[ChromeDriver: chrome on WINDOWS (00b5788fcc24d783a0a4409b2ba83a34)] -> xpath: //input[@type='submit']]
2023-05-16 16:05:911 INFO  RegisterPage :115 - Verify the message “Your Account Has Been Created!” [[ChromeDriver: chrome on WINDOWS (00b5788fcc24d783a0a4409b2ba83a34)] -> xpath: //h1[text()='Your Account Has Been Created!']]
2023-05-16 16:05:108 INFO  RegisterPage :121 - Clicking on Continue Button [[ChromeDriver: chrome on WINDOWS (00b5788fcc24d783a0a4409b2ba83a34)] -> xpath: //a[text()='Continue']]
2023-05-16 16:05:956 INFO  HomePage :128 - Select Logout from myAccount drop down list [[[ChromeDriver: chrome on WINDOWS (00b5788fcc24d783a0a4409b2ba83a34)] -> xpath: //ul[@class='dropdown-menu dropdown-menu-right']/li], [[ChromeDriver: chrome on WINDOWS (00b5788fcc24d783a0a4409b2ba83a34)] -> xpath: //ul[@class='dropdown-menu dropdown-menu-right']/li], [[ChromeDriver: chrome on WINDOWS (00b5788fcc24d783a0a4409b2ba83a34)] -> xpath: //ul[@class='dropdown-menu dropdown-menu-right']/li], [[ChromeDriver: chrome on WINDOWS (00b5788fcc24d783a0a4409b2ba83a34)] -> xpath: //ul[@class='dropdown-menu dropdown-menu-right']/li], [[ChromeDriver: chrome on WINDOWS (00b5788fcc24d783a0a4409b2ba83a34)] -> xpath: //ul[@class='dropdown-menu dropdown-menu-right']/li]]
2023-05-16 16:05:993 INFO  LogoutPage :27 - Verify text "Account Logout" [[ChromeDriver: chrome on WINDOWS (00b5788fcc24d783a0a4409b2ba83a34)] -> xpath: //h1[text()='Account Logout']]
2023-05-16 16:05:485 INFO  HomePage :128 - Select Login from myAccount drop down list [[[ChromeDriver: chrome on WINDOWS (45b04cc3e5dc6406c25413e3ea743f7f)] -> xpath: //ul[@class='dropdown-menu dropdown-menu-right']/li], [[ChromeDriver: chrome on WINDOWS (45b04cc3e5dc6406c25413e3ea743f7f)] -> xpath: //ul[@class='dropdown-menu dropdown-menu-right']/li]]
2023-05-16 16:05:527 INFO  LoginPage :36 - Verify the text “Returning Customer” [[ChromeDriver: chrome on WINDOWS (45b04cc3e5dc6406c25413e3ea743f7f)] -> xpath: //h2[contains(text(),'Returning Customer')]]
2023-05-16 17:05:271 INFO  HomePage :128 - Select Login from myAccount drop down list [[[ChromeDriver: chrome on WINDOWS (05e9e84c53c152d281b3db5672e012e3)] -> xpath: //ul[@class='dropdown-menu dropdown-menu-right']/li], [[ChromeDriver: chrome on WINDOWS (05e9e84c53c152d281b3db5672e012e3)] -> xpath: //ul[@class='dropdown-menu dropdown-menu-right']/li]]
2023-05-16 17:05:416 INFO  LoginPage :43 - Enter email jakson@gmail.comto email field [[ChromeDriver: chrome on WINDOWS (05e9e84c53c152d281b3db5672e012e3)] -> id: input-email]
2023-05-16 17:05:488 INFO  LoginPage :49 - Enter password MickJ123to password field [[ChromeDriver: chrome on WINDOWS (05e9e84c53c152d281b3db5672e012e3)] -> id: input-password]
2023-05-16 17:05:892 INFO  LoginPage :55 - Clicking on Login Button [[ChromeDriver: chrome on WINDOWS (05e9e84c53c152d281b3db5672e012e3)] -> xpath: //input[@value='Login']]
2023-05-16 17:05:922 INFO  LoginPage :60 - Verify text “My Account” Proxy element for: DefaultElementLocator 'By.xpath: //h2[text()='My Account']'
2023-05-16 17:05:993 INFO  HomePage :128 - Select Login from myAccount drop down list [[[ChromeDriver: chrome on WINDOWS (b90b3ded9de84726b56b0ab3a2b9d938)] -> xpath: //ul[@class='dropdown-menu dropdown-menu-right']/li], [[ChromeDriver: chrome on WINDOWS (b90b3ded9de84726b56b0ab3a2b9d938)] -> xpath: //ul[@class='dropdown-menu dropdown-menu-right']/li]]
2023-05-16 17:05:126 INFO  LoginPage :43 - Enter email iampatel@gmail.comto email field [[ChromeDriver: chrome on WINDOWS (b90b3ded9de84726b56b0ab3a2b9d938)] -> id: input-email]
2023-05-16 17:05:200 INFO  LoginPage :49 - Enter password HelloNum1to password field [[ChromeDriver: chrome on WINDOWS (b90b3ded9de84726b56b0ab3a2b9d938)] -> id: input-password]
2023-05-16 17:05:889 INFO  LoginPage :55 - Clicking on Login Button [[ChromeDriver: chrome on WINDOWS (b90b3ded9de84726b56b0ab3a2b9d938)] -> xpath: //input[@value='Login']]
2023-05-16 17:05:910 INFO  LoginPage :60 - Verify text “My Account” [[ChromeDriver: chrome on WINDOWS (b90b3ded9de84726b56b0ab3a2b9d938)] -> xpath: //h2[text()='My Account']]
2023-05-16 17:05:218 INFO  HomePage :128 - Select Login from myAccount drop down list [[[ChromeDriver: chrome on WINDOWS (cd82b21d950e1aea23c35801b5a3a97b)] -> xpath: //ul[@class='dropdown-menu dropdown-menu-right']/li], [[ChromeDriver: chrome on WINDOWS (cd82b21d950e1aea23c35801b5a3a97b)] -> xpath: //ul[@class='dropdown-menu dropdown-menu-right']/li]]
2023-05-16 17:05:354 INFO  LoginPage :43 - Enter email iampatel@gmail.comto email field [[ChromeDriver: chrome on WINDOWS (cd82b21d950e1aea23c35801b5a3a97b)] -> id: input-email]
2023-05-16 17:05:424 INFO  LoginPage :49 - Enter password HelloNum1to password field [[ChromeDriver: chrome on WINDOWS (cd82b21d950e1aea23c35801b5a3a97b)] -> id: input-password]
2023-05-16 17:05:167 INFO  LoginPage :55 - Clicking on Login Button [[ChromeDriver: chrome on WINDOWS (cd82b21d950e1aea23c35801b5a3a97b)] -> xpath: //input[@value='Login']]
2023-05-16 17:05:190 INFO  LoginPage :60 - Verify text “My Account” [[ChromeDriver: chrome on WINDOWS (cd82b21d950e1aea23c35801b5a3a97b)] -> xpath: //h2[text()='My Account']]
2023-05-16 17:05:01 INFO  HomePage :128 - Select Logout from myAccount drop down list [[[ChromeDriver: chrome on WINDOWS (cd82b21d950e1aea23c35801b5a3a97b)] -> xpath: //ul[@class='dropdown-menu dropdown-menu-right']/li], [[ChromeDriver: chrome on WINDOWS (cd82b21d950e1aea23c35801b5a3a97b)] -> xpath: //ul[@class='dropdown-menu dropdown-menu-right']/li], [[ChromeDriver: chrome on WINDOWS (cd82b21d950e1aea23c35801b5a3a97b)] -> xpath: //ul[@class='dropdown-menu dropdown-menu-right']/li], [[ChromeDriver: chrome on WINDOWS (cd82b21d950e1aea23c35801b5a3a97b)] -> xpath: //ul[@class='dropdown-menu dropdown-menu-right']/li], [[ChromeDriver: chrome on WINDOWS (cd82b21d950e1aea23c35801b5a3a97b)] -> xpath: //ul[@class='dropdown-menu dropdown-menu-right']/li]]
2023-05-16 17:05:22 INFO  LogoutPage :27 - Verify text "Account Logout" [[ChromeDriver: chrome on WINDOWS (cd82b21d950e1aea23c35801b5a3a97b)] -> xpath: //h1[text()='Account Logout']]
2023-05-16 17:05:488 INFO  LogoutPage :33 - Clicking on Continue Button [[ChromeDriver: chrome on WINDOWS (cd82b21d950e1aea23c35801b5a3a97b)] -> xpath: //a[contains(text(),'Continue')]]
2023-05-16 17:05:759 INFO  HomePage :128 - Select Register from myAccount drop down list [[[ChromeDriver: chrome on WINDOWS (5c7d591ef3686277b8056fe3cbc55522)] -> xpath: //ul[@class='dropdown-menu dropdown-menu-right']/li], [[ChromeDriver: chrome on WINDOWS (5c7d591ef3686277b8056fe3cbc55522)] -> xpath: //ul[@class='dropdown-menu dropdown-menu-right']/li]]
2023-05-16 17:05:854 INFO  RegisterPage :64 - Enter Firstname Iama to Firstname field [[ChromeDriver: chrome on WINDOWS (5c7d591ef3686277b8056fe3cbc55522)] -> id: input-firstname]
2023-05-16 17:05:928 INFO  RegisterPage :69 - Enter Lastname Patel to Lastname field [[ChromeDriver: chrome on WINDOWS (5c7d591ef3686277b8056fe3cbc55522)] -> id: input-lastname]
2023-05-16 17:05:23 INFO  RegisterPage :74 - Enter email patelX9kE@gmail.com to email field [[ChromeDriver: chrome on WINDOWS (5c7d591ef3686277b8056fe3cbc55522)] -> id: input-email]
2023-05-16 17:05:86 INFO  RegisterPage :79 - Enter Telephone 01234567890 to Telephone field [[ChromeDriver: chrome on WINDOWS (5c7d591ef3686277b8056fe3cbc55522)] -> id: input-telephone]
2023-05-16 17:05:144 INFO  RegisterPage :84 - Enter Password Hellonum1 to Password field [[ChromeDriver: chrome on WINDOWS (5c7d591ef3686277b8056fe3cbc55522)] -> id: input-password]
2023-05-16 17:05:206 INFO  RegisterPage :89 - Enter ConfirmPassword Hellonum1 to ConfirmPassword field [[ChromeDriver: chrome on WINDOWS (5c7d591ef3686277b8056fe3cbc55522)] -> id: input-confirm]
2023-05-16 17:05:247 INFO  RegisterPage :101 - Select Subscribe Yes radio button [[[ChromeDriver: chrome on WINDOWS (5c7d591ef3686277b8056fe3cbc55522)] -> xpath: //fieldset[3]//input], [[ChromeDriver: chrome on WINDOWS (5c7d591ef3686277b8056fe3cbc55522)] -> xpath: //fieldset[3]//input]]
2023-05-16 17:05:307 INFO  RegisterPage :106 - Click on Privacy Policy check box [[ChromeDriver: chrome on WINDOWS (5c7d591ef3686277b8056fe3cbc55522)] -> xpath: //input[@name='agree']]
2023-05-16 17:05:455 INFO  RegisterPage :111 - Clicking on Continue Button [[ChromeDriver: chrome on WINDOWS (5c7d591ef3686277b8056fe3cbc55522)] -> xpath: //input[@type='submit']]
2023-05-16 17:05:485 INFO  RegisterPage :115 - Verify the message “Your Account Has Been Created!” [[ChromeDriver: chrome on WINDOWS (5c7d591ef3686277b8056fe3cbc55522)] -> xpath: //h1[text()='Your Account Has Been Created!']]
2023-05-16 17:05:934 INFO  RegisterPage :121 - Clicking on Continue Button [[ChromeDriver: chrome on WINDOWS (5c7d591ef3686277b8056fe3cbc55522)] -> xpath: //a[text()='Continue']]
2023-05-16 17:05:733 INFO  HomePage :128 - Select Logout from myAccount drop down list [[[ChromeDriver: chrome on WINDOWS (5c7d591ef3686277b8056fe3cbc55522)] -> xpath: //ul[@class='dropdown-menu dropdown-menu-right']/li], [[ChromeDriver: chrome on WINDOWS (5c7d591ef3686277b8056fe3cbc55522)] -> xpath: //ul[@class='dropdown-menu dropdown-menu-right']/li], [[ChromeDriver: chrome on WINDOWS (5c7d591ef3686277b8056fe3cbc55522)] -> xpath: //ul[@class='dropdown-menu dropdown-menu-right']/li], [[ChromeDriver: chrome on WINDOWS (5c7d591ef3686277b8056fe3cbc55522)] -> xpath: //ul[@class='dropdown-menu dropdown-menu-right']/li], [[ChromeDriver: chrome on WINDOWS (5c7d591ef3686277b8056fe3cbc55522)] -> xpath: //ul[@class='dropdown-menu dropdown-menu-right']/li]]
2023-05-16 17:05:763 INFO  LogoutPage :27 - Verify text "Account Logout" [[ChromeDriver: chrome on WINDOWS (5c7d591ef3686277b8056fe3cbc55522)] -> xpath: //h1[text()='Account Logout']]
2023-05-16 17:05:669 INFO  LogoutPage :33 - Clicking on Continue Button [[ChromeDriver: chrome on WINDOWS (5c7d591ef3686277b8056fe3cbc55522)] -> xpath: //a[contains(text(),'Continue')]]
2023-05-16 17:05:130 INFO  HomePage :80 - Mouse hover on “Laptops & Notebooks” Tab and click [[ChromeDriver: chrome on WINDOWS (af8a6a9327c33b4001a33ebf2e766559)] -> link text: Laptops & Notebooks]
2023-05-16 17:05:644 INFO  HomePage :99 - Click on Show All LaptopAndNotebook Tab [[ChromeDriver: chrome on WINDOWS (af8a6a9327c33b4001a33ebf2e766559)] -> xpath: //a[normalize-space()='Show AllLaptops & Notebooks']]
2023-05-16 17:05:736 INFO  DesktopPage :45 - Click on sort by position [[ChromeDriver: chrome on WINDOWS (af8a6a9327c33b4001a33ebf2e766559)] -> id: input-sort]
2023-05-16 17:05:284 INFO  DesktopPage :74 - Select option product sorted by Price (High > Low)from sort by options [[ChromeDriver: chrome on WINDOWS (af8a6a9327c33b4001a33ebf2e766559)] -> id: input-sort]
2023-05-16 17:05:375 INFO  LaptopAndNotebookPage :63 - Verify Product sorted  price High to low [[[ChromeDriver: chrome on WINDOWS (af8a6a9327c33b4001a33ebf2e766559)] -> xpath: //p[@class ='price']], [[ChromeDriver: chrome on WINDOWS (af8a6a9327c33b4001a33ebf2e766559)] -> xpath: //p[@class ='price']], [[ChromeDriver: chrome on WINDOWS (af8a6a9327c33b4001a33ebf2e766559)] -> xpath: //p[@class ='price']], [[ChromeDriver: chrome on WINDOWS (af8a6a9327c33b4001a33ebf2e766559)] -> xpath: //p[@class ='price']], [[ChromeDriver: chrome on WINDOWS (af8a6a9327c33b4001a33ebf2e766559)] -> xpath: //p[@class ='price']]]
2023-05-16 17:05:446 INFO  LaptopAndNotebookPage :63 - Verify Product sorted  price High to low [[[ChromeDriver: chrome on WINDOWS (af8a6a9327c33b4001a33ebf2e766559)] -> xpath: //p[@class ='price']], [[ChromeDriver: chrome on WINDOWS (af8a6a9327c33b4001a33ebf2e766559)] -> xpath: //p[@class ='price']], [[ChromeDriver: chrome on WINDOWS (af8a6a9327c33b4001a33ebf2e766559)] -> xpath: //p[@class ='price']], [[ChromeDriver: chrome on WINDOWS (af8a6a9327c33b4001a33ebf2e766559)] -> xpath: //p[@class ='price']], [[ChromeDriver: chrome on WINDOWS (af8a6a9327c33b4001a33ebf2e766559)] -> xpath: //p[@class ='price']]]
2023-05-16 17:05:785 INFO  HomePage :80 - Mouse hover on “Laptops & Notebooks” Tab and click [[ChromeDriver: chrome on WINDOWS (6106afba43c9e69e3429d2b957f4a37b)] -> link text: Laptops & Notebooks]
2023-05-16 17:05:280 INFO  HomePage :99 - Click on Show All LaptopAndNotebook Tab [[ChromeDriver: chrome on WINDOWS (6106afba43c9e69e3429d2b957f4a37b)] -> xpath: //a[normalize-space()='Show AllLaptops & Notebooks']]
2023-05-16 17:05:349 INFO  HomePage :105 - Clicking on Currency on top of page [[ChromeDriver: chrome on WINDOWS (6106afba43c9e69e3429d2b957f4a37b)] -> xpath: //span[normalize-space()='Currency']]
2023-05-16 17:05:132 INFO  HomePage :113 - Select £Pound Sterling from currency drop down list [[[ChromeDriver: chrome on WINDOWS (6106afba43c9e69e3429d2b957f4a37b)] -> xpath: //ul[@class = 'dropdown-menu']/li], [[ChromeDriver: chrome on WINDOWS (6106afba43c9e69e3429d2b957f4a37b)] -> xpath: //ul[@class = 'dropdown-menu']/li], [[ChromeDriver: chrome on WINDOWS (6106afba43c9e69e3429d2b957f4a37b)] -> xpath: //ul[@class = 'dropdown-menu']/li]]
2023-05-16 17:05:602 INFO  DesktopPage :74 - Select option product sorted by Price (High > Low)from sort by options [[ChromeDriver: chrome on WINDOWS (6106afba43c9e69e3429d2b957f4a37b)] -> id: input-sort]
2023-05-16 17:05:441 INFO  LaptopAndNotebookPage :80 - Select Macbook[[ChromeDriver: chrome on WINDOWS (6106afba43c9e69e3429d2b957f4a37b)] -> link text: MacBook]
2023-05-16 17:05:469 INFO  ProductPage :101 - Verify text MacBook [[ChromeDriver: chrome on WINDOWS (6106afba43c9e69e3429d2b957f4a37b)] -> xpath: //h1[contains(text(),'MacBook')]]
2023-05-16 17:05:697 INFO  ProductPage :87 - Clicking on Login Button [[ChromeDriver: chrome on WINDOWS (6106afba43c9e69e3429d2b957f4a37b)] -> xpath: //button[@id='button-cart']]
2023-05-16 17:05:42 INFO  ProductPage :91 - Verify the Message “Success: You have added HP LP3065 to your shopping cart!” [[ChromeDriver: chrome on WINDOWS (6106afba43c9e69e3429d2b957f4a37b)] -> xpath: //div[@class='alert alert-success alert-dismissible']]
2023-05-16 17:05:152 INFO  ProductPage :97 - Click on link “shopping cart” display into success message [[ChromeDriver: chrome on WINDOWS (6106afba43c9e69e3429d2b957f4a37b)] -> xpath: //a[contains(text(),'shopping cart')]]
2023-05-16 17:05:179 INFO  ShoppingCartPage :47 -  Verify the text Shopping Cart [[ChromeDriver: chrome on WINDOWS (6106afba43c9e69e3429d2b957f4a37b)] -> xpath: //div[@id='content']//h1]
2023-05-16 17:05:214 INFO  ShoppingCartPage :52 - Verify the Product name HP LP3065 [[ChromeDriver: chrome on WINDOWS (6106afba43c9e69e3429d2b957f4a37b)] -> xpath: //div[@class = 'table-responsive']/table/tbody/tr/td[2]/a]
2023-05-16 17:05:357 INFO  ShoppingCartPage :74 - Change Quantity 2 to quantity field [[ChromeDriver: chrome on WINDOWS (6106afba43c9e69e3429d2b957f4a37b)] -> xpath: //div[@class='input-group btn-block']/input[@type='text']]
2023-05-16 17:05:486 INFO  ShoppingCartPage :79 -  Click on “Update” Tab [[ChromeDriver: chrome on WINDOWS (6106afba43c9e69e3429d2b957f4a37b)] -> xpath: //i[@class = 'fa fa-refresh']]
2023-05-16 17:05:511 INFO  ShoppingCartPage :83 - Getting welcome back text [[ChromeDriver: chrome on WINDOWS (6106afba43c9e69e3429d2b957f4a37b)] -> xpath: //div[@id='checkout-cart']/div[1]]
2023-05-16 17:05:546 INFO  ShoppingCartPage :67 - Verify the Total £74.73 [[ChromeDriver: chrome on WINDOWS (6106afba43c9e69e3429d2b957f4a37b)] -> xpath: //div[@class = 'table-responsive']/table/tbody/tr/td[6]]
2023-05-16 17:05:993 INFO  ShoppingCartPage :89 - Click on “Checkout” button [[ChromeDriver: chrome on WINDOWS (6106afba43c9e69e3429d2b957f4a37b)] -> css selector: a.btn.btn-primary]
2023-05-16 17:05:14 INFO  CheckoutPage :76 - Verify the text “Checkout” [[ChromeDriver: chrome on WINDOWS (6106afba43c9e69e3429d2b957f4a37b)] -> xpath: //div[@id='content']/h1]
2023-05-16 17:05:559 INFO  CheckoutPage :82 - Verify the Text “New Customer” [[ChromeDriver: chrome on WINDOWS (6106afba43c9e69e3429d2b957f4a37b)] -> xpath: //h2[contains(text(),'New Customer')]]
2023-05-16 17:05:145 INFO  CheckoutPage :89 - Click on “Guest Checkout” radio button [[ChromeDriver: chrome on WINDOWS (6106afba43c9e69e3429d2b957f4a37b)] -> xpath: //input[@value='guest']]
2023-05-16 17:05:212 INFO  CheckoutPage :95 - Click on “Continue” tab [[ChromeDriver: chrome on WINDOWS (6106afba43c9e69e3429d2b957f4a37b)] -> xpath: //input[@id='button-account']]
2023-05-16 17:05:645 INFO  CheckoutPage :101 - Enter firstname Jack to firstname field [[ChromeDriver: chrome on WINDOWS (6106afba43c9e69e3429d2b957f4a37b)] -> id: input-payment-firstname]
2023-05-16 17:05:715 INFO  CheckoutPage :107 - Enter lastname Smith to lastname field [[ChromeDriver: chrome on WINDOWS (6106afba43c9e69e3429d2b957f4a37b)] -> id: input-payment-lastname]
2023-05-16 17:05:814 INFO  CheckoutPage :113 - Enter email jack to email field [[ChromeDriver: chrome on WINDOWS (6106afba43c9e69e3429d2b957f4a37b)] -> id: input-payment-email]
2023-05-16 17:05:907 INFO  CheckoutPage :119 - Enter phoneNumber 01234567890 to phoneNumber field [[ChromeDriver: chrome on WINDOWS (6106afba43c9e69e3429d2b957f4a37b)] -> id: input-payment-telephone]
2023-05-16 17:05:986 INFO  CheckoutPage :125 - Enter address Line 1 63 Harrow road to address field [[ChromeDriver: chrome on WINDOWS (6106afba43c9e69e3429d2b957f4a37b)] -> id: input-payment-address-1]
2023-05-16 17:05:40 INFO  CheckoutPage :131 - Enter city London to city field [[ChromeDriver: chrome on WINDOWS (6106afba43c9e69e3429d2b957f4a37b)] -> id: input-payment-city]
2023-05-16 17:05:108 INFO  CheckoutPage :137 - Enter postcode HA1 1AD to postcode field [[ChromeDriver: chrome on WINDOWS (6106afba43c9e69e3429d2b957f4a37b)] -> id: input-payment-postcode]
2023-05-16 17:05:196 INFO  CheckoutPage :143 - Select country United Kingdom to country field [[ChromeDriver: chrome on WINDOWS (6106afba43c9e69e3429d2b957f4a37b)] -> id: input-payment-country]
2023-05-16 17:05:785 INFO  HomePage :80 - Mouse hover on “Laptops & Notebooks” Tab and click [[ChromeDriver: chrome on WINDOWS (74f8c34dc8f718b829ad5422016c03b5)] -> link text: Laptops & Notebooks]
2023-05-16 17:05:286 INFO  HomePage :99 - Click on Show All LaptopAndNotebook Tab [[ChromeDriver: chrome on WINDOWS (74f8c34dc8f718b829ad5422016c03b5)] -> xpath: //a[normalize-space()='Show AllLaptops & Notebooks']]
2023-05-16 17:05:352 INFO  HomePage :105 - Clicking on Currency on top of page [[ChromeDriver: chrome on WINDOWS (74f8c34dc8f718b829ad5422016c03b5)] -> xpath: //span[normalize-space()='Currency']]
2023-05-16 17:05:522 INFO  HomePage :113 - Select £Pound Sterling from currency drop down list [[[ChromeDriver: chrome on WINDOWS (74f8c34dc8f718b829ad5422016c03b5)] -> xpath: //ul[@class = 'dropdown-menu']/li], [[ChromeDriver: chrome on WINDOWS (74f8c34dc8f718b829ad5422016c03b5)] -> xpath: //ul[@class = 'dropdown-menu']/li], [[ChromeDriver: chrome on WINDOWS (74f8c34dc8f718b829ad5422016c03b5)] -> xpath: //ul[@class = 'dropdown-menu']/li]]
2023-05-16 17:05:33 INFO  DesktopPage :74 - Select option product sorted by Price (High > Low)from sort by options [[ChromeDriver: chrome on WINDOWS (74f8c34dc8f718b829ad5422016c03b5)] -> id: input-sort]
2023-05-16 17:05:856 INFO  LaptopAndNotebookPage :80 - Select Macbook[[ChromeDriver: chrome on WINDOWS (74f8c34dc8f718b829ad5422016c03b5)] -> link text: MacBook]
2023-05-16 17:05:884 INFO  ProductPage :101 - Verify text MacBook [[ChromeDriver: chrome on WINDOWS (74f8c34dc8f718b829ad5422016c03b5)] -> xpath: //h1[contains(text(),'MacBook')]]
2023-05-16 17:05:101 INFO  ProductPage :87 - Clicking on Login Button [[ChromeDriver: chrome on WINDOWS (74f8c34dc8f718b829ad5422016c03b5)] -> xpath: //button[@id='button-cart']]
2023-05-16 17:05:442 INFO  ProductPage :91 - Verify the Message “Success: You have added HP LP3065 to your shopping cart!” [[ChromeDriver: chrome on WINDOWS (74f8c34dc8f718b829ad5422016c03b5)] -> xpath: //div[@class='alert alert-success alert-dismissible']]
2023-05-16 17:05:01 INFO  ProductPage :97 - Click on link “shopping cart” display into success message [[ChromeDriver: chrome on WINDOWS (74f8c34dc8f718b829ad5422016c03b5)] -> xpath: //a[contains(text(),'shopping cart')]]
2023-05-16 17:05:33 INFO  ShoppingCartPage :47 -  Verify the text Shopping Cart [[ChromeDriver: chrome on WINDOWS (74f8c34dc8f718b829ad5422016c03b5)] -> xpath: //div[@id='content']//h1]
2023-05-16 17:05:74 INFO  ShoppingCartPage :52 - Verify the Product name HP LP3065 [[ChromeDriver: chrome on WINDOWS (74f8c34dc8f718b829ad5422016c03b5)] -> xpath: //div[@class = 'table-responsive']/table/tbody/tr/td[2]/a]
2023-05-16 17:05:194 INFO  ShoppingCartPage :74 - Change Quantity 2 to quantity field [[ChromeDriver: chrome on WINDOWS (74f8c34dc8f718b829ad5422016c03b5)] -> xpath: //div[@class='input-group btn-block']/input[@type='text']]
2023-05-16 17:05:931 INFO  ShoppingCartPage :79 -  Click on “Update” Tab [[ChromeDriver: chrome on WINDOWS (74f8c34dc8f718b829ad5422016c03b5)] -> xpath: //i[@class = 'fa fa-refresh']]
2023-05-16 17:05:941 INFO  ShoppingCartPage :83 - Getting welcome back text [[ChromeDriver: chrome on WINDOWS (74f8c34dc8f718b829ad5422016c03b5)] -> xpath: //div[@id='checkout-cart']/div[1]]
2023-05-16 17:05:978 INFO  ShoppingCartPage :67 - Verify the Total £74.73 [[ChromeDriver: chrome on WINDOWS (74f8c34dc8f718b829ad5422016c03b5)] -> xpath: //div[@class = 'table-responsive']/table/tbody/tr/td[6]]
2023-05-16 17:05:437 INFO  ShoppingCartPage :89 - Click on “Checkout” button [[ChromeDriver: chrome on WINDOWS (74f8c34dc8f718b829ad5422016c03b5)] -> css selector: a.btn.btn-primary]
2023-05-16 17:05:461 INFO  CheckoutPage :76 - Verify the text “Checkout” [[ChromeDriver: chrome on WINDOWS (74f8c34dc8f718b829ad5422016c03b5)] -> xpath: //div[@id='content']/h1]
2023-05-16 17:05:236 INFO  CheckoutPage :82 - Verify the Text “New Customer” [[ChromeDriver: chrome on WINDOWS (74f8c34dc8f718b829ad5422016c03b5)] -> xpath: //h2[contains(text(),'New Customer')]]
2023-05-16 17:05:126 INFO  HomePage :74 - Mouse hover on “Desktops” Tab and click [[ChromeDriver: chrome on WINDOWS (0be18fb246b95e46b9dac42f17564bc6)] -> link text: Desktops]
2023-05-16 17:05:618 INFO  HomePage :93 - Click on Show All Desktop tab [[ChromeDriver: chrome on WINDOWS (0be18fb246b95e46b9dac42f17564bc6)] -> xpath: //a[normalize-space()='Show AllDesktops']]
2023-05-16 17:05:700 INFO  DesktopPage :45 - Click on sort by position [[ChromeDriver: chrome on WINDOWS (0be18fb246b95e46b9dac42f17564bc6)] -> id: input-sort]
2023-05-16 17:05:295 INFO  DesktopPage :74 - Select option product sorted by Name (Z - A)from sort by options [[ChromeDriver: chrome on WINDOWS (0be18fb246b95e46b9dac42f17564bc6)] -> id: input-sort]
2023-05-16 17:05:663 INFO  HomePage :74 - Mouse hover on “Desktops” Tab and click [[ChromeDriver: chrome on WINDOWS (a633ea994e6b915b966d6d512daf2b4a)] -> link text: Desktops]
2023-05-16 17:05:138 INFO  HomePage :93 - Click on Show All Desktop tab [[ChromeDriver: chrome on WINDOWS (a633ea994e6b915b966d6d512daf2b4a)] -> xpath: //a[normalize-space()='Show AllDesktops']]
2023-05-16 17:05:201 INFO  HomePage :105 - Clicking on Currency on top of page [[ChromeDriver: chrome on WINDOWS (a633ea994e6b915b966d6d512daf2b4a)] -> xpath: //span[normalize-space()='Currency']]
2023-05-16 17:05:986 INFO  HomePage :113 - Select £Pound Sterling from currency drop down list [[[ChromeDriver: chrome on WINDOWS (a633ea994e6b915b966d6d512daf2b4a)] -> xpath: //ul[@class = 'dropdown-menu']/li], [[ChromeDriver: chrome on WINDOWS (a633ea994e6b915b966d6d512daf2b4a)] -> xpath: //ul[@class = 'dropdown-menu']/li], [[ChromeDriver: chrome on WINDOWS (a633ea994e6b915b966d6d512daf2b4a)] -> xpath: //ul[@class = 'dropdown-menu']/li]]
2023-05-16 17:05:517 INFO  DesktopPage :74 - Select option product sorted by Name (A - Z)from sort by options [[ChromeDriver: chrome on WINDOWS (a633ea994e6b915b966d6d512daf2b4a)] -> id: input-sort]
2023-05-16 17:05:28 INFO  DesktopPage :79 - Clicking on HP LP3065 [[ChromeDriver: chrome on WINDOWS (a633ea994e6b915b966d6d512daf2b4a)] -> xpath: //a[contains(text(),'HP LP3065')]]
2023-05-16 17:05:54 INFO  ProductPage :52 - Verify the Text "HP LP3065" [[ChromeDriver: chrome on WINDOWS (a633ea994e6b915b966d6d512daf2b4a)] -> xpath: //a[contains(text(),'HP LP3065')]]
2023-05-16 17:05:232 INFO  ProductPage :58 - Select 2022November30 to date field [[ChromeDriver: chrome on WINDOWS (a633ea994e6b915b966d6d512daf2b4a)] -> xpath: //div[@class = 'input-group date']//button]
2023-05-16 17:05:278 INFO  ProductPage :82 - Enter Qty 1 to quantity field [[ChromeDriver: chrome on WINDOWS (a633ea994e6b915b966d6d512daf2b4a)] -> xpath: //input[@id='input-quantity']]
2023-05-16 17:05:476 INFO  ProductPage :87 - Clicking on Login Button [[ChromeDriver: chrome on WINDOWS (a633ea994e6b915b966d6d512daf2b4a)] -> xpath: //button[@id='button-cart']]
2023-05-16 17:05:503 INFO  ProductPage :91 - Verify the Message “Success: You have added HP LP3065 to your shopping cart!” [[ChromeDriver: chrome on WINDOWS (a633ea994e6b915b966d6d512daf2b4a)] -> xpath: //div[@class='alert alert-success alert-dismissible']]
2023-05-16 17:05:495 INFO  ProductPage :97 - Click on link “shopping cart” display into success message [[ChromeDriver: chrome on WINDOWS (a633ea994e6b915b966d6d512daf2b4a)] -> xpath: //a[contains(text(),'shopping cart')]]
2023-05-16 17:05:523 INFO  ShoppingCartPage :47 -  Verify the text Shopping Cart [[ChromeDriver: chrome on WINDOWS (a633ea994e6b915b966d6d512daf2b4a)] -> xpath: //div[@id='content']//h1]
2023-05-16 17:05:566 INFO  ShoppingCartPage :52 - Verify the Product name HP LP3065 [[ChromeDriver: chrome on WINDOWS (a633ea994e6b915b966d6d512daf2b4a)] -> xpath: //div[@class = 'table-responsive']/table/tbody/tr/td[2]/a]
2023-05-16 17:05:592 INFO  ShoppingCartPage :57 - Verify the Delivery Date 2022-11-30 [[ChromeDriver: chrome on WINDOWS (a633ea994e6b915b966d6d512daf2b4a)] -> xpath: //div[@class = 'table-responsive']/table/tbody/tr/td[2]/small[1]]
2023-05-16 17:05:614 INFO  ShoppingCartPage :62 - Verify the Model Product21 [[ChromeDriver: chrome on WINDOWS (a633ea994e6b915b966d6d512daf2b4a)] -> xpath: //div[@class = 'table-responsive']/table/tbody/tr/td[3]]
2023-05-16 17:05:634 INFO  ShoppingCartPage :67 - Verify the Total £74.73 [[ChromeDriver: chrome on WINDOWS (a633ea994e6b915b966d6d512daf2b4a)] -> xpath: //div[@class = 'table-responsive']/table/tbody/tr/td[6]]
